<?xml version="1.0" encoding="UTF-8"?>
<!-- Generated by org.testng.reporters.JUnitReportReporter -->
<testsuite skipped="0" hostname="KieransPC" name="com.whyte.test.AssertionsExample" tests="2" failures="0" timestamp="2020-08-01T15:23:10 IST" time="0.282" errors="0">
  <testcase name="logoTest" time="0.232" classname="com.whyte.test.AssertionsExample"/>
  <system-out/>
  <testcase name="homepageTitleTest" time="0.050" classname="com.whyte.test.AssertionsExample"/>
  <system-out/>
</testsuite> <!-- com.whyte.test.AssertionsExample -->
