<?xml version="1.0" encoding="UTF-8"?>
<!-- Generated by org.testng.reporters.JUnitReportReporter -->
<testsuite skipped="0" hostname="KieransPC" name="com.whyte.test.FirstTestCase" tests="3" failures="0" timestamp="2020-08-01T18:18:43 IST" time="0.020" errors="0">
  <testcase name="setup" time="0.014" classname="com.whyte.test.FirstTestCase"/>
  <system-out/>
  <testcase name="login" time="0.003" classname="com.whyte.test.FirstTestCase"/>
  <system-out/>
  <testcase name="teardown" time="0.003" classname="com.whyte.test.FirstTestCase"/>
  <system-out/>
</testsuite> <!-- com.whyte.test.FirstTestCase -->
