<?xml version="1.0" encoding="UTF-8"?>
<!-- Generated by org.testng.reporters.JUnitReportReporter -->
<testsuite skipped="0" hostname="KieransPC" name="com.whyte.testparallel.ParallelTest1" tests="2" failures="0" timestamp="2020-08-01T18:14:17 IST" time="13.257" errors="0">
  <testcase name="logoTest" time="6.749" classname="com.whyte.testparallel.ParallelTest1"/>
  <system-out/>
  <testcase name="homepageTitleTest" time="6.508" classname="com.whyte.testparallel.ParallelTest1"/>
  <system-out/>
</testsuite> <!-- com.whyte.testparallel.ParallelTest1 -->
