<?xml version="1.0" encoding="UTF-8"?>
<!-- Generated by org.testng.reporters.JUnitReportReporter -->
<testsuite skipped="0" hostname="KieransPC" name="com.whyte.test.TC2" tests="2" failures="0" timestamp="2020-07-31T17:44:31 IST" time="0.010" errors="0">
  <testcase name="test3" time="0.003" classname="com.whyte.test.TC2"/>
  <system-out/>
  <testcase name="test4" time="0.007" classname="com.whyte.test.TC2"/>
  <system-out/>
</testsuite> <!-- com.whyte.test.TC2 -->
