<?xml version="1.0" encoding="UTF-8"?>
<!-- Generated by org.testng.reporters.JUnitReportReporter -->
<testsuite skipped="0" hostname="KieransPC" name="com.whyte.test.SecondTestCase" tests="4" failures="0" timestamp="2020-08-01T18:18:43 IST" time="0.014" errors="0">
  <testcase name="setup" time="0.004" classname="com.whyte.test.SecondTestCase"/>
  <system-out/>
  <testcase name="searchCustomer" time="0.003" classname="com.whyte.test.SecondTestCase"/>
  <system-out/>
  <testcase name="addCustomer" time="0.004" classname="com.whyte.test.SecondTestCase"/>
  <system-out/>
  <testcase name="teardown" time="0.003" classname="com.whyte.test.SecondTestCase"/>
  <system-out/>
</testsuite> <!-- com.whyte.test.SecondTestCase -->
