<?xml version="1.0" encoding="UTF-8"?>
<!-- Generated by org.testng.reporters.JUnitReportReporter -->
<testsuite skipped="0" hostname="KieransPC" name="com.whyte.test.GroupingExample" tests="3" failures="0" timestamp="2020-07-31T18:50:41 IST" time="0.017" errors="0">
  <testcase name="test5" time="0.003" classname="com.whyte.test.GroupingExample"/>
  <system-out/>
  <testcase name="test2" time="0.002" classname="com.whyte.test.GroupingExample"/>
  <system-out/>
  <testcase name="test1" time="0.012" classname="com.whyte.test.GroupingExample"/>
  <system-out/>
</testsuite> <!-- com.whyte.test.GroupingExample -->
