<?xml version="1.0" encoding="UTF-8"?>
<!-- Generated by org.testng.reporters.JUnitReportReporter -->
<testsuite skipped="0" hostname="KieransPC" name="com.whyte.test.DataProviderExample" tests="3" failures="0" timestamp="2020-08-01T17:33:41 IST" time="0.015" errors="0">
  <testcase name="loginTest" time="0.002" classname="com.whyte.test.DataProviderExample"/>
  <system-out/>
  <testcase name="loginTest" time="0.009" classname="com.whyte.test.DataProviderExample"/>
  <system-out/>
  <testcase name="loginTest" time="0.004" classname="com.whyte.test.DataProviderExample"/>
  <system-out/>
</testsuite> <!-- com.whyte.test.DataProviderExample -->
